08-15 23:41:47 com_github_MitjaNemec_ReplicateLayout.action_replicate_layout 303:Plugin executed on: 'win32'
08-15 23:41:47 com_github_MitjaNemec_ReplicateLayout.action_replicate_layout 304:Plugin executed with python version: '3.9.10 (main, Jul 19 2022, 05:36:50) [MSC v.1932 64 bit (AMD64)]'
08-15 23:41:47 com_github_MitjaNemec_ReplicateLayout.action_replicate_layout 305:KiCad build version: (6.0.7)
08-15 23:41:47 com_github_MitjaNemec_ReplicateLayout.action_replicate_layout 306:Plugin version: 1.2.0
08-15 23:41:47 com_github_MitjaNemec_ReplicateLayout.action_replicate_layout 307:Frame repr: <wx._core.Frame object at 0x000001DEF0675C10>
08-15 23:41:47 com_github_MitjaNemec_ReplicateLayout.action_replicate_layout 331:Preparing replicator with R40 as a reference
08-15 23:41:47 com_github_MitjaNemec_ReplicateLayout.replicate_layout 106:getting a list of all footprints on board
08-15 23:41:47 com_github_MitjaNemec_ReplicateLayout.action_replicate_layout 359:source anchor footprint is 'R40'
Located on: ['input channel 25-32']
With filenames: ['in_chan.kicad_sch']
With sheet_id:['input channel 25-32']
08-15 23:41:47 com_github_MitjaNemec_ReplicateLayout.action_replicate_layout 366:Corresponding footprints are 
[('R10', ['input channel 9-16']), ('R40', ['input channel 25-32']), ('R20', ['input channel 17-24']), ('R30', ['input channel 1-8'])]
08-15 23:41:47 com_github_MitjaNemec_ReplicateLayout.action_replicate_layout 378:Showing dialog
08-15 23:41:47 com_github_MitjaNemec_ReplicateLayout.replicate_layout 344:constructing a list of sheets suitable for replication on level:'input channel 25-32', file:'in_chan.kicad_sch'
08-15 23:41:47 com_github_MitjaNemec_ReplicateLayout.replicate_layout 381:suitable sheets are:[['input channel 1-8'], ['input channel 17-24'], ['input channel 9-16']]
08-15 23:41:48 com_github_MitjaNemec_ReplicateLayout.replicate_layout 1112:Level selected: ['input channel 25-32']
08-15 23:41:48 com_github_MitjaNemec_ReplicateLayout.action_replicate_layout 384:Toolbar position: wx.Point(3219, 117)
08-15 23:41:48 com_github_MitjaNemec_ReplicateLayout.action_replicate_layout 390:Dialog position: wx.Point(2855, 117)
08-15 23:42:00 com_github_MitjaNemec_ReplicateLayout.action_replicate_layout 232:User canceled the dialog
